<?xml version="1.0" encoding="UTF-8"?>
<testsuite name="com.thoughtworks.rectangle.RectangleTest" tests="1" skipped="0" failures="0" errors="0" timestamp="2022-05-23T07:56:26" hostname="gurushifu-gurushifugitp-hn4aq631xgy" time="0.014">
  <properties/>
  <testcase name="shouldReturnAreaWhenLengthAndBreadthIsGiven()" classname="com.thoughtworks.rectangle.RectangleTest" time="0.014"/>
  <system-out><![CDATA[]]></system-out>
  <system-err><![CDATA[]]></system-err>
</testsuite>
